Exporting package to 'C:\Code\Bagge\seti federico.xml'
Retrieving data for export: packages
Retrieving data for export: diagram elements
Retrieving data for export: links
Retrieving data for export: constraints
Retrieving data for export: attribute tagged values
Retrieving data for export: operation tagged values
Retrieving data for export: operation parameter tagged values
Retrieving data for export: connector tagged values
Completed data retrieval
Pre-processing export tree...
Completed pre-processing
***** Processing package: 03 - contraseñas *****
Element:0: usuario
Element:1: list.aspx
Element:2: datos(usuario)
Element:3: Editor presenter
Element:4: list.aspx
Element:5: correo
Element:6: manager
Element:7: Editor presenter
Element:8: manager
Element:9: datos(usuario)
Diagram: 04 - cambiar contraseña
Diagram: 05 - recordar contraseña
Formatting output XML...please wait
XMI Document Export Complete!
