Exporting package to 'C:\Code\Bagge\seti pablo.xml'
Retrieving data for export: packages
Retrieving data for export: diagram elements
Retrieving data for export: links
Retrieving data for export: constraints
Retrieving data for export: attribute tagged values
Retrieving data for export: operation tagged values
Retrieving data for export: operation parameter tagged values
Retrieving data for export: connector tagged values
Completed data retrieval
Pre-processing export tree...
Completed pre-processing
***** Processing package: 01 - Autenticación al Sistema *****
Element:0: usuario
Element:1: datos(Employee)
Element:2: login.aspx
Element:3: Manager
Element:4: Editor Presenter
Diagram: 01 - Autenticación al Sistema
Formatting output XML...please wait
XMI Document Export Complete!
